0 info it worked if it ends with ok
1 verbose cli [ '/usr/bin/node', '/usr/bin/npm', 'run', 'tsc' ]
2 info using npm@3.5.2
3 info using node@v8.10.0
4 verbose run-script [ 'pretsc', 'tsc', 'posttsc' ]
5 info lifecycle tsed-starter-kit@1.0.0~pretsc: tsed-starter-kit@1.0.0
6 silly lifecycle tsed-starter-kit@1.0.0~pretsc: no script for pretsc, continuing
7 info lifecycle tsed-starter-kit@1.0.0~tsc: tsed-starter-kit@1.0.0
8 verbose lifecycle tsed-starter-kit@1.0.0~tsc: unsafe-perm in lifecycle true
9 verbose lifecycle tsed-starter-kit@1.0.0~tsc: PATH: /usr/share/npm/bin/node-gyp-bin:/home/payfazz117/Documents/projects/src/tsed-start-kit-test/node_modules/.bin:/home/payfazz117/Documents/projects/src/tsed-start-kit-test/node_modules/.bin:/home/payfazz117/.config/yarn/link/node_modules/.bin:/home/payfazz117/Documents/projects/src/tsed-start-kit-test/node_modules/.bin:/home/payfazz117/.config/yarn/link/node_modules/.bin:/home/payfazz117/.yarn/bin:/usr/libexec/lib/node_modules/npm/bin/node-gyp-bin:/usr/lib/node_modules/npm/bin/node-gyp-bin:/usr/bin/node_modules/npm/bin/node-gyp-bin:/home/payfazz117/Documents/projects:/home/payfazz117/Documents/projects/bin:/home/payfazz117/Documents/projects:/home/payfazz117/Documents/projects/bin:/usr/local/sbin:/usr/local/bin:/usr/sbin:/usr/bin:/sbin:/bin:/usr/games:/usr/local/games:/usr/local/go/bin:/usr/local/go/bin
10 verbose lifecycle tsed-starter-kit@1.0.0~tsc: CWD: /home/payfazz117/Documents/projects/src/tsed-start-kit-test
11 silly lifecycle tsed-starter-kit@1.0.0~tsc: Args: [ '-c', 'webpack-cli --config webpack.prod.js' ]
12 silly lifecycle tsed-starter-kit@1.0.0~tsc: Returned: code: 1  signal: null
13 info lifecycle tsed-starter-kit@1.0.0~tsc: Failed to exec tsc script
14 verbose stack Error: tsed-starter-kit@1.0.0 tsc: `webpack-cli --config webpack.prod.js`
14 verbose stack Exit status 1
14 verbose stack     at EventEmitter.<anonymous> (/usr/share/npm/lib/utils/lifecycle.js:232:16)
14 verbose stack     at emitTwo (events.js:126:13)
14 verbose stack     at EventEmitter.emit (events.js:214:7)
14 verbose stack     at ChildProcess.<anonymous> (/usr/share/npm/lib/utils/spawn.js:24:14)
14 verbose stack     at emitTwo (events.js:126:13)
14 verbose stack     at ChildProcess.emit (events.js:214:7)
14 verbose stack     at maybeClose (internal/child_process.js:925:16)
14 verbose stack     at Process.ChildProcess._handle.onexit (internal/child_process.js:209:5)
15 verbose pkgid tsed-starter-kit@1.0.0
16 verbose cwd /home/payfazz117/Documents/projects/src/tsed-start-kit-test
17 error Linux 4.15.0-33-generic
18 error argv "/usr/bin/node" "/usr/bin/npm" "run" "tsc"
19 error node v8.10.0
20 error npm  v3.5.2
21 error code ELIFECYCLE
22 error tsed-starter-kit@1.0.0 tsc: `webpack-cli --config webpack.prod.js`
22 error Exit status 1
23 error Failed at the tsed-starter-kit@1.0.0 tsc script 'webpack-cli --config webpack.prod.js'.
23 error Make sure you have the latest version of node.js and npm installed.
23 error If you do, this is most likely a problem with the tsed-starter-kit package,
23 error not with npm itself.
23 error Tell the author that this fails on your system:
23 error     webpack-cli --config webpack.prod.js
23 error You can get information on how to open an issue for this project with:
23 error     npm bugs tsed-starter-kit
23 error Or if that isn't available, you can get their info via:
23 error     npm owner ls tsed-starter-kit
23 error There is likely additional logging output above.
24 verbose exit [ 1, true ]
